app/build/intermediates/manifest_merge_blame_file/debug/manifest-merger-blame-debug-report.txt
1<?xml version="1.0" encoding="utf-8"?>
2<manifest xmlns:android="http://schemas.android.com/apk/res/android"
3    package="com.techextensor.rxkotlin"
4    android:versionCode="1"
5    android:versionName="1.0" >
6
7    <uses-sdk
8        android:minSdkVersion="21"
8-->src\main\AndroidManifest.xml
9        android:targetSdkVersion="33" />
9-->src\main\AndroidManifest.xml
10
11    <permission
11-->[androidx.core:core:1.9.0] AndroidManifest.xml:22:5-24:47
12        android:name="com.techextensor.rxkotlin.DYNAMIC_RECEIVER_NOT_EXPORTED_PERMISSION"
12-->[androidx.core:core:1.9.0] AndroidManifest.xml:23:9-81
13        android:protectionLevel="signature" />
13-->[androidx.core:core:1.9.0] AndroidManifest.xml:24:9-44
14
15    <uses-permission android:name="com.techextensor.rxkotlin.DYNAMIC_RECEIVER_NOT_EXPORTED_PERMISSION" /> <!-- Permission will be merged into the manifest of the hosting app. -->
15-->[androidx.core:core:1.9.0] AndroidManifest.xml:26:5-97
15-->[androidx.core:core:1.9.0] AndroidManifest.xml:26:22-94
16    <!-- Is required to launch foreground extraction service for targetSdkVersion 28+. -->
17    <uses-permission android:name="android.permission.FOREGROUND_SERVICE" />
17-->[com.google.android.play:core:1.8.0] AndroidManifest.xml:8:3-74
17-->[com.google.android.play:core:1.8.0] AndroidManifest.xml:8:20-72
18
19    <application
19-->src\main\AndroidManifest.xml:6:5-26:19
20        android:allowBackup="false"
20-->src\main\AndroidManifest.xml:7:9-36
21        android:appComponentFactory="androidx.core.app.CoreComponentFactory"
21-->[androidx.core:core:1.9.0] AndroidManifest.xml:28:18-86
22        android:dataExtractionRules="@xml/data_extraction_rules"
22-->src\main\AndroidManifest.xml:8:9-65
23        android:debuggable="true"
24        android:fullBackupContent="@xml/backup_rules"
24-->src\main\AndroidManifest.xml:9:9-54
25        android:icon="@mipmap/ic_launcher"
25-->src\main\AndroidManifest.xml:10:9-43
26        android:label="@string/app_name"
26-->src\main\AndroidManifest.xml:11:9-41
27        android:roundIcon="@mipmap/ic_launcher_round"
27-->src\main\AndroidManifest.xml:12:9-54
28        android:supportsRtl="true"
28-->src\main\AndroidManifest.xml:13:9-35
29        android:testOnly="true"
30        android:theme="@style/Theme.RxKotlin" >
30-->src\main\AndroidManifest.xml:14:9-46
31        <activity
31-->src\main\AndroidManifest.xml:16:9-24:20
32            android:name="com.techextensor.rxkotlin.ui.main.MainActivity"
32-->src\main\AndroidManifest.xml:17:13-49
33            android:exported="true" >
33-->src\main\AndroidManifest.xml:18:13-36
34            <intent-filter>
34-->src\main\AndroidManifest.xml:19:13-23:29
35                <action android:name="android.intent.action.MAIN" />
35-->src\main\AndroidManifest.xml:20:17-69
35-->src\main\AndroidManifest.xml:20:25-66
36
37                <category android:name="android.intent.category.LAUNCHER" />
37-->src\main\AndroidManifest.xml:22:17-77
37-->src\main\AndroidManifest.xml:22:27-74
38            </intent-filter>
39        </activity>
40
41        <uses-library
41-->[androidx.window:window:1.0.0] AndroidManifest.xml:25:9-27:40
42            android:name="androidx.window.extensions"
42-->[androidx.window:window:1.0.0] AndroidManifest.xml:26:13-54
43            android:required="false" />
43-->[androidx.window:window:1.0.0] AndroidManifest.xml:27:13-37
44        <uses-library
44-->[androidx.window:window:1.0.0] AndroidManifest.xml:28:9-30:40
45            android:name="androidx.window.sidecar"
45-->[androidx.window:window:1.0.0] AndroidManifest.xml:29:13-51
46            android:required="false" />
46-->[androidx.window:window:1.0.0] AndroidManifest.xml:30:13-37
47
48        <service
48-->[androidx.room:room-runtime:2.5.0] AndroidManifest.xml:24:9-28:63
49            android:name="androidx.room.MultiInstanceInvalidationService"
49-->[androidx.room:room-runtime:2.5.0] AndroidManifest.xml:25:13-74
50            android:directBootAware="true"
50-->[androidx.room:room-runtime:2.5.0] AndroidManifest.xml:26:13-43
51            android:exported="false" />
51-->[androidx.room:room-runtime:2.5.0] AndroidManifest.xml:27:13-37
52
53        <provider
53-->[androidx.emoji2:emoji2:1.2.0] AndroidManifest.xml:24:9-32:20
54            android:name="androidx.startup.InitializationProvider"
54-->[androidx.emoji2:emoji2:1.2.0] AndroidManifest.xml:25:13-67
55            android:authorities="com.techextensor.rxkotlin.androidx-startup"
55-->[androidx.emoji2:emoji2:1.2.0] AndroidManifest.xml:26:13-68
56            android:exported="false" >
56-->[androidx.emoji2:emoji2:1.2.0] AndroidManifest.xml:27:13-37
57            <meta-data
57-->[androidx.emoji2:emoji2:1.2.0] AndroidManifest.xml:29:13-31:52
58                android:name="androidx.emoji2.text.EmojiCompatInitializer"
58-->[androidx.emoji2:emoji2:1.2.0] AndroidManifest.xml:30:17-75
59                android:value="androidx.startup" />
59-->[androidx.emoji2:emoji2:1.2.0] AndroidManifest.xml:31:17-49
60            <meta-data
60-->[androidx.lifecycle:lifecycle-process:2.4.1] AndroidManifest.xml:31:13-33:52
61                android:name="androidx.lifecycle.ProcessLifecycleInitializer"
61-->[androidx.lifecycle:lifecycle-process:2.4.1] AndroidManifest.xml:32:17-78
62                android:value="androidx.startup" />
62-->[androidx.lifecycle:lifecycle-process:2.4.1] AndroidManifest.xml:33:17-49
63        </provider> <!-- The activities will be merged into the manifest of the hosting app. -->
64        <activity
64-->[com.google.android.play:core:1.8.0] AndroidManifest.xml:12:5-271
65            android:name="com.google.android.play.core.missingsplits.PlayCoreMissingSplitsActivity"
65-->[com.google.android.play:core:1.8.0] AndroidManifest.xml:12:15-102
66            android:enabled="false"
66-->[com.google.android.play:core:1.8.0] AndroidManifest.xml:12:103-126
67            android:exported="false"
67-->[com.google.android.play:core:1.8.0] AndroidManifest.xml:12:127-151
68            android:launchMode="singleInstance"
68-->[com.google.android.play:core:1.8.0] AndroidManifest.xml:12:204-239
69            android:process=":playcore_missing_splits_activity"
69-->[com.google.android.play:core:1.8.0] AndroidManifest.xml:12:152-203
70            android:stateNotNeeded="true" />
70-->[com.google.android.play:core:1.8.0] AndroidManifest.xml:12:240-269
71        <activity
71-->[com.google.android.play:core:1.8.0] AndroidManifest.xml:13:5-226
72            android:name="com.google.android.play.core.common.PlayCoreDialogWrapperActivity"
72-->[com.google.android.play:core:1.8.0] AndroidManifest.xml:13:15-95
73            android:enabled="false"
73-->[com.google.android.play:core:1.8.0] AndroidManifest.xml:13:96-119
74            android:exported="false"
74-->[com.google.android.play:core:1.8.0] AndroidManifest.xml:13:120-144
75            android:stateNotNeeded="true"
75-->[com.google.android.play:core:1.8.0] AndroidManifest.xml:13:145-174
76            android:theme="@style/Theme.PlayCore.Transparent" /> <!-- The service will be merged into the manifest of the hosting app. -->
76-->[com.google.android.play:core:1.8.0] AndroidManifest.xml:13:175-224
77        <service
77-->[com.google.android.play:core:1.8.0] AndroidManifest.xml:16:5-145
78            android:name="com.google.android.play.core.assetpacks.AssetPackExtractionService"
78-->[com.google.android.play:core:1.8.0] AndroidManifest.xml:16:14-95
79            android:enabled="false"
79-->[com.google.android.play:core:1.8.0] AndroidManifest.xml:16:96-119
80            android:exported="true" />
80-->[com.google.android.play:core:1.8.0] AndroidManifest.xml:16:120-143
81    </application>
82
83</manifest>